插入一条用户记录:{"utel": "18772805296", "uid": "201500899", "upic": "/static/data/201500899.png", "urole": "\u7528\u6237", "uname": "123", "upwd": "123"}
插入一条用户记录:{"utel": "18772805296", "uid": "201500898", "upic": "/static/data/201500898.png", "urole": "\u7528\u6237", "uname": "123", "upwd": "123"}
删除一条ID为:201500899用户记录
修改一条用户记录:{"uid": "201500802", "upic": "/static/data/201500802.png", "urole": "\u7528\u6237", "upwd": "456", "utel": "18772805555", "uname": "wang"}
修改一条用户记录:{"uid": "201500802", "upic": "/static/data/201500802.png", "uname": "wang", "upwd": "564", "utel": "18772805555", "urole": "\u7528\u6237"}
插入一条用户记录:{"upic": "/static/data/201500886.png", "upwd": "456", "utel": "18772805296", "uid": "201500886", "uname": "123", "urole": "\u7528\u6237"}
插入一条用户记录:{"upic": "/static/data/201500865.png", "upwd": "456", "utel": "18772805296", "uid": "201500865", "uname": "123", "urole": "\u7528\u6237"}
插入一条用户记录:{"upic": "/static/data/201500864.png", "upwd": "123", "utel": "18772805296", "uid": "201500864", "uname": "123", "urole": "\u7528\u6237"}
插入一条用户记录:{"uname": "123", "upwd": "123", "upic": "/static/data/201500863.png", "uid": "201500863", "urole": "\u7528\u6237", "utel": "18772805296"}
删除一条ID为:201500863用户记录
删除一条ID为:201500806用户记录
插入一条用户记录:{"upwd": "456", "utel": "18772805296", "urole": "\u7ba1\u7406\u5458", "upic": "/static/data/201500862.png", "uid": "201500862", "uname": "123"}
修改一条用户记录:{"upwd": "456", "utel": "18772805296", "urole": "\u7ba1\u7406\u5458", "upic": "/static/data/201500862.png", "uid": "201500862", "uname": "456"}
删除一条ID为:201500862用户记录
修改一条用户记录:{"uid": "201500801", "uname": "admin", "utel": "18772805555", "upic": "/static/data/201500801.png", "urole": "\u7ba1\u7406\u5458", "upwd": "123"}
删除一条ID为:201500886用户记录
删除一条ID为:201500898用户记录
插入一条用户记录:{"uid": "201500899", "upwd": "123", "urole": "\u7ba1\u7406\u5458", "upic": "/static/data/201500899.png", "utel": "18772805296", "uname": "456"}
修改一条用户记录:{"uid": "201500899", "upwd": "222", "urole": "\u7ba1\u7406\u5458", "upic": "/static/data/201500899.png", "utel": "18772805296", "uname": "456"}
删除一条ID为:201500899用户记录